<?xml version="1.0" encoding="UTF-8"?>
<!-- Generated by org.testng.reporters.JUnitReportReporter -->
<testsuite skipped="0" hostname="TTC728LPTA" name="com.CorwdTwistTestCases.LogInTestCrowdTwist" tests="1" failures="0" timestamp="07 Sep 2018 13:45:53 GMT" time="8.885" errors="0">
  <testcase name="LoginTest" time="8.885" classname="com.CorwdTwistTestCases.LogInTestCrowdTwist"/>
</testsuite> <!-- com.CorwdTwistTestCases.LogInTestCrowdTwist -->
