<?xml version="1.0" encoding="UTF-8"?>
<!-- Generated by org.testng.reporters.JUnitReportReporter -->
<testsuite skipped="0" hostname="TTC728LPTA" name="com.CorwdTwistTestCases.CheckOutTest" tests="1" failures="0" timestamp="07 Sep 2018 13:13:36 GMT" time="23.666" errors="0">
  <testcase name="PurchaseFirtDress" time="23.666" classname="com.CorwdTwistTestCases.CheckOutTest"/>
</testsuite> <!-- com.CorwdTwistTestCases.CheckOutTest -->
