<?xml version="1.0" encoding="UTF-8"?>
<!-- Generated by org.testng.reporters.JUnitReportReporter -->
<testsuite hostname="TTC728LPTA" name="com.CorwdTwistTestCases.CheckOutTest" tests="1" failures="0" timestamp="7 Sep 2018 13:48:46 GMT" time="24.020" errors="0">
  <testcase name="PurchaseFirtDress" time="24.020" classname="com.CorwdTwistTestCases.CheckOutTest"/>
</testsuite> <!-- com.CorwdTwistTestCases.CheckOutTest -->
